<?xml version="1.0" encoding="UTF-8"?>
<!-- Generated by org.testng.reporters.JUnitReportReporter -->
<testsuite hostname="LAPTOP-9A0N1J92" failures="0" tests="1" name="rahulshettyacademy.tests.StandAloneTest" time="14.483" errors="0" timestamp="2025-03-27T03:38:39 EDT" skipped="0">
  <testcase classname="rahulshettyacademy.tests.StandAloneTest" name="submitOrder" time="14.483"/>
</testsuite> <!-- rahulshettyacademy.tests.StandAloneTest -->
