<?xml version="1.0" encoding="UTF-8"?>
<!-- Generated by org.testng.reporters.JUnitReportReporter -->
<testsuite hostname="LAPTOP-9A0N1J92" failures="0" tests="2" name="rahulshettyacademy.tests.ErrorValidations" time="20.102" errors="0" timestamp="2025-03-27T03:24:41 EDT" skipped="0">
  <testcase classname="rahulshettyacademy.tests.ErrorValidations" name="LoginErrorValidation" time="9.652"/>
  <testcase classname="rahulshettyacademy.tests.ErrorValidations" name="ProductErrorValidation" time="10.450"/>
</testsuite> <!-- rahulshettyacademy.tests.ErrorValidations -->
