<?xml version="1.0" encoding="UTF-8"?>
<!-- Generated by org.testng.reporters.JUnitReportReporter -->
<testsuite hostname="LAPTOP-9A0N1J92" failures="0" tests="1" name="cucumber.TestNGTestRunner" time="13.286" errors="0" timestamp="2025-03-29T04:02:19 EDT" skipped="0">
  <testcase classname="cucumber.TestNGTestRunner" name="runScenario" time="13.286"/>
</testsuite> <!-- cucumber.TestNGTestRunner -->
