<?xml version="1.0" encoding="UTF-8"?>
<!-- Generated by org.testng.reporters.JUnitReportReporter -->
<testsuite hostname="LAPTOP-9A0N1J92" failures="0" tests="3" name="rahulshettyacademy.tests.SubmitOrderTest" time="35.746" errors="0" timestamp="2025-03-29T04:34:25 EDT" skipped="0">
  <testcase classname="rahulshettyacademy.tests.SubmitOrderTest" name="submitOrder" time="18.757"/>
  <testcase classname="rahulshettyacademy.tests.SubmitOrderTest" name="submitOrder" time="10.987"/>
  <testcase classname="rahulshettyacademy.tests.SubmitOrderTest" name="OrderHistoryTest" time="6.002"/>
</testsuite> <!-- rahulshettyacademy.tests.SubmitOrderTest -->
