<?xml version="1.0" encoding="UTF-8"?>
<!-- Generated by org.testng.reporters.JUnitReportReporter -->
<testsuite hostname="LAPTOP-9A0N1J92" failures="0" tests="2" name="rahulshettyacademy.tests.ErrorValidationsTest" time="35.555" errors="0" timestamp="2025-03-29T04:34:25 EDT" skipped="0">
  <testcase classname="rahulshettyacademy.tests.ErrorValidationsTest" name="LoginErrorValidation" time="13.405"/>
  <testcase classname="rahulshettyacademy.tests.ErrorValidationsTest" name="ProductErrorValidation" time="22.150"/>
</testsuite> <!-- rahulshettyacademy.tests.ErrorValidationsTest -->
